<?xml version="1.0" encoding="UTF-8"?>
<testsuite name="WordCountTest" tests="6" skipped="0" failures="0" errors="0" timestamp="2016-12-26T02:33:29" hostname="Zacharys-MacBook-Pro.local" time="0.017">
  <properties/>
  <testcase name="countOneWord" classname="WordCountTest" time="0.002"/>
  <testcase name="countOneOfEach" classname="WordCountTest" time="0.001"/>
  <testcase name="countMultipleOccurences" classname="WordCountTest" time="0.003"/>
  <testcase name="ignorePunctuation" classname="WordCountTest" time="0.001"/>
  <testcase name="includeNumbers" classname="WordCountTest" time="0.002"/>
  <testcase name="normalizeCase" classname="WordCountTest" time="0.001"/>
  <system-out><![CDATA[]]></system-out>
  <system-err><![CDATA[]]></system-err>
</testsuite>
