<?xml version="1.0" encoding="UTF-8"?>
<testsuite name="AtbashTest$DecodeTest" tests="6" skipped="0" failures="0" errors="0" timestamp="2017-01-08T18:34:50" hostname="Zacharys-MacBook-Pro.local" time="0.019">
  <properties/>
  <testcase name="test[0: expected ciphertext &quot;vcvix rhn&quot; to decode to plaintext &quot;exercism&quot;.]" classname="AtbashTest$DecodeTest" time="0.002"/>
  <testcase name="test[1: expected ciphertext &quot;zmlyh gzxov rhlug vmzhg vkkrm thglm v&quot; to decode to plaintext &quot;anobstacleisoftenasteppingstone&quot;.]" classname="AtbashTest$DecodeTest" time="0.0"/>
  <testcase name="test[2: expected ciphertext &quot;gvhgr mt123 gvhgr mt&quot; to decode to plaintext &quot;testing123testing&quot;.]" classname="AtbashTest$DecodeTest" time="0.0"/>
  <testcase name="test[0: expected ciphertext &quot;vcvix rhn&quot; to decode to plaintext &quot;exercism&quot;.]" classname="AtbashTest$DecodeTest" time="0.0"/>
  <testcase name="test[1: expected ciphertext &quot;zmlyh gzxov rhlug vmzhg vkkrm thglm v&quot; to decode to plaintext &quot;anobstacleisoftenasteppingstone&quot;.]" classname="AtbashTest$DecodeTest" time="0.0"/>
  <testcase name="test[2: expected ciphertext &quot;gvhgr mt123 gvhgr mt&quot; to decode to plaintext &quot;testing123testing&quot;.]" classname="AtbashTest$DecodeTest" time="0.001"/>
  <system-out><![CDATA[]]></system-out>
  <system-err><![CDATA[]]></system-err>
</testsuite>
