<?xml version="1.0" encoding="UTF-8"?>
<testsuite name="EtlTest" tests="4" skipped="0" failures="0" errors="0" timestamp="2016-12-27T01:50:15" hostname="Zacharys-MacBook-Pro.local" time="0.135">
  <properties/>
  <testcase name="testTransformOneValue" classname="EtlTest" time="0.122"/>
  <testcase name="testTransformMoreValues" classname="EtlTest" time="0.006"/>
  <testcase name="testMoreKeys" classname="EtlTest" time="0.003"/>
  <testcase name="testFullDataset" classname="EtlTest" time="0.003"/>
  <system-out><![CDATA[]]></system-out>
  <system-err><![CDATA[]]></system-err>
</testsuite>
