<?xml version="1.0" encoding="UTF-8"?>
<testsuite name="SchoolTest" tests="7" skipped="0" failures="0" errors="0" timestamp="2016-12-26T20:26:44" hostname="Zacharys-MacBook-Pro.local" time="0.042">
  <properties/>
  <testcase name="getsStudentsInEmptyGrade" classname="SchoolTest" time="0.03"/>
  <testcase name="sortsSchool" classname="SchoolTest" time="0.005"/>
  <testcase name="startsWithNoStudents" classname="SchoolTest" time="0.0"/>
  <testcase name="addsStudents" classname="SchoolTest" time="0.001"/>
  <testcase name="addsMoreStudentsInSameGrade" classname="SchoolTest" time="0.001"/>
  <testcase name="addsStudentsInMultipleGrades" classname="SchoolTest" time="0.0"/>
  <testcase name="getsStudentsInAGrade" classname="SchoolTest" time="0.0"/>
  <system-out><![CDATA[]]></system-out>
  <system-err><![CDATA[]]></system-err>
</testsuite>
